<?xml version="1.0" encoding="UTF-8"?>
<!-- Generated by org.testng.reporters.JUnitReportReporter -->
<testsuite hostname="RVSBLR719LT" failures="0" tests="3" name="SeleniumSessions.KeyBordActions" time="0.010" errors="0" timestamp="2021-11-14T21:32:20 IST" skipped="0">
  <testcase classname="SeleniumSessions.KeyBordActions" name="m2" time="0.007"/>
  <system-out/>
  <testcase classname="SeleniumSessions.KeyBordActions" name="m3" time="0.001"/>
  <system-out/>
  <testcase classname="SeleniumSessions.KeyBordActions" name="m1" time="0.002"/>
  <system-out/>
</testsuite> <!-- SeleniumSessions.KeyBordActions -->
