<?xml version="1.0" encoding="UTF-8"?>
<!-- Generated by org.testng.reporters.JUnitReportReporter -->
<testsuite hostname="RVSBLR719LT" failures="0" tests="1" name="SeleniumSessions.GetScreenshotWhiletestcasefaild" time="26.043" errors="0" timestamp="2021-11-18T19:58:41 IST" skipped="0">
  <testcase classname="SeleniumSessions.GetScreenshotWhiletestcasefaild" name="captureScreenMethod" time="26.043"/>
  <system-out/>
</testsuite> <!-- SeleniumSessions.GetScreenshotWhiletestcasefaild -->
